{"/home/sidney/Documentos/cryptocurrencies-web/src/components/AppHeader/index.tsx": {"path":"/home/sidney/Documentos/cryptocurrencies-web/src/components/AppHeader/index.tsx","statementMap":{"0":{"start":{"line":1,"column":0},"end":{"line":1,"column":40}},"1":{"start":{"line":3,"column":18},"end":{"line":9,"column":1}},"2":{"start":{"line":4,"column":4},"end":{"line":8,"column":null}},"3":{"start":{"line":11,"column":0},"end":{"line":11,"column":null}}},"fnMap":{"0":{"name":"(anonymous_0)","decl":{"start":{"line":3,"column":18},"end":{"line":3,"column":21}},"loc":{"start":{"line":3,"column":23},"end":{"line":9,"column":1}}}},"branchMap":{},"s":{"0":1,"1":1,"2":1,"3":1},"f":{"0":1},"b":{}}
,"/home/sidney/Documentos/cryptocurrencies-web/src/components/AppHeader/styles.ts": {"path":"/home/sidney/Documentos/cryptocurrencies-web/src/components/AppHeader/styles.ts","statementMap":{"0":{"start":{"line":1,"column":0},"end":{"line":1,"column":38}},"1":{"start":{"line":3,"column":13},"end":{"line":6,"column":null}},"2":{"start":{"line":8,"column":13},"end":{"line":17,"column":null}}},"fnMap":{},"branchMap":{},"s":{"0":1,"1":1,"2":1},"f":{},"b":{}}
,"/home/sidney/Documentos/cryptocurrencies-web/src/components/CryptoCard/index.tsx": {"path":"/home/sidney/Documentos/cryptocurrencies-web/src/components/CryptoCard/index.tsx","statementMap":{"0":{"start":{"line":1,"column":0},"end":{"line":1,"column":73}},"1":{"start":{"line":11,"column":28},"end":{"line":13,"column":null}},"2":{"start":{"line":15,"column":28},"end":{"line":17,"column":null}},"3":{"start":{"line":19,"column":19},"end":{"line":34,"column":1}},"4":{"start":{"line":21,"column":4},"end":{"line":21,"column":64}},"5":{"start":{"line":23,"column":2},"end":{"line":33,"column":null}},"6":{"start":{"line":36,"column":0},"end":{"line":36,"column":null}}},"fnMap":{"0":{"name":"(anonymous_0)","decl":{"start":{"line":19,"column":19},"end":{"line":19,"column":20}},"loc":{"start":{"line":19,"column":70},"end":{"line":34,"column":1}}}},"branchMap":{"0":{"loc":{"start":{"line":21,"column":4},"end":{"line":21,"column":64}},"type":"cond-expr","locations":[{"start":{"line":21,"column":23},"end":{"line":21,"column":42}},{"start":{"line":21,"column":45},"end":{"line":21,"column":64}}]}},"s":{"0":2,"1":2,"2":2,"3":2,"4":1016,"5":1016,"6":2},"f":{"0":1016},"b":{"0":[374,642]}}
,"/home/sidney/Documentos/cryptocurrencies-web/src/components/CryptoCard/styles.ts": {"path":"/home/sidney/Documentos/cryptocurrencies-web/src/components/CryptoCard/styles.ts","statementMap":{"0":{"start":{"line":1,"column":0},"end":{"line":1,"column":38}},"1":{"start":{"line":2,"column":0},"end":{"line":2,"column":39}},"2":{"start":{"line":4,"column":13},"end":{"line":16,"column":null}},"3":{"start":{"line":18,"column":13},"end":{"line":25,"column":null}},"4":{"start":{"line":27,"column":13},"end":{"line":34,"column":null}},"5":{"start":{"line":36,"column":13},"end":{"line":43,"column":null}},"6":{"start":{"line":45,"column":13},"end":{"line":47,"column":null}}},"fnMap":{},"branchMap":{},"s":{"0":2,"1":2,"2":2,"3":2,"4":2,"5":2,"6":2},"f":{},"b":{}}
,"/home/sidney/Documentos/cryptocurrencies-web/src/pages/Crypto/index.tsx": {"path":"/home/sidney/Documentos/cryptocurrencies-web/src/pages/Crypto/index.tsx","statementMap":{"0":{"start":{"line":1,"column":0},"end":{"line":1,"column":43}},"1":{"start":{"line":2,"column":0},"end":{"line":2,"column":44}},"2":{"start":{"line":3,"column":0},"end":{"line":3,"column":40}},"3":{"start":{"line":6,"column":0},"end":{"line":6,"column":60}},"4":{"start":{"line":7,"column":0},"end":{"line":7,"column":null}},"5":{"start":{"line":24,"column":15},"end":{"line":105,"column":1}},"6":{"start":{"line":30,"column":23},"end":{"line":30,"column":42}},"7":{"start":{"line":31,"column":38},"end":{"line":38,"column":4}},"8":{"start":{"line":39,"column":58},"end":{"line":39,"column":73}},"9":{"start":{"line":41,"column":26},"end":{"line":41,"column":47}},"10":{"start":{"line":43,"column":25},"end":{"line":49,"column":3}},"11":{"start":{"line":44,"column":4},"end":{"line":48,"column":null}},"12":{"start":{"line":45,"column":21},"end":{"line":45,"column":60}},"13":{"start":{"line":46,"column":6},"end":{"line":46,"column":null}},"14":{"start":{"line":47,"column":6},"end":{"line":47,"column":null}},"15":{"start":{"line":51,"column":2},"end":{"line":53,"column":null}},"16":{"start":{"line":52,"column":4},"end":{"line":52,"column":null}},"17":{"start":{"line":55,"column":2},"end":{"line":104,"column":null}},"18":{"start":{"line":107,"column":0},"end":{"line":107,"column":null}}},"fnMap":{"0":{"name":"(anonymous_0)","decl":{"start":{"line":24,"column":15},"end":{"line":24,"column":18}},"loc":{"start":{"line":24,"column":20},"end":{"line":105,"column":1}}},"1":{"name":"(anonymous_1)","decl":{"start":{"line":43,"column":25},"end":{"line":43,"column":30}},"loc":{"start":{"line":43,"column":36},"end":{"line":49,"column":3}}},"2":{"name":"(anonymous_2)","decl":{"start":{"line":51,"column":12},"end":{"line":51,"column":15}},"loc":{"start":{"line":51,"column":17},"end":{"line":53,"column":3}}}},"branchMap":{"0":{"loc":{"start":{"line":44,"column":4},"end":{"line":48,"column":null}},"type":"if","locations":[{"start":{"line":44,"column":4},"end":{"line":48,"column":null}}]},"1":{"loc":{"start":{"line":44,"column":8},"end":{"line":44,"column":18}},"type":"binary-expr","locations":[{"start":{"line":44,"column":8},"end":{"line":44,"column":10}},{"start":{"line":44,"column":14},"end":{"line":44,"column":18}}]},"2":{"loc":{"start":{"line":57,"column":7},"end":{"line":95,"column":null}},"type":"binary-expr","locations":[{"start":{"line":57,"column":7},"end":{"line":57,"column":27}},{"start":{"line":58,"column":8},"end":{"line":94,"column":null}}]},"3":{"loc":{"start":{"line":98,"column":7},"end":{"line":101,"column":null}},"type":"binary-expr","locations":[{"start":{"line":98,"column":7},"end":{"line":98,"column":28}},{"start":{"line":99,"column":8},"end":{"line":100,"column":null}}]}},"s":{"0":1,"1":1,"2":1,"3":1,"4":1,"5":1,"6":4,"7":4,"8":4,"9":4,"10":4,"11":2,"12":1,"13":1,"14":1,"15":4,"16":2,"17":4,"18":1},"f":{"0":4,"1":2,"2":2},"b":{"0":[1],"1":[2,1],"2":[4,1],"3":[4,3]}}
,"/home/sidney/Documentos/cryptocurrencies-web/src/pages/Crypto/styles.ts": {"path":"/home/sidney/Documentos/cryptocurrencies-web/src/pages/Crypto/styles.ts","statementMap":{"0":{"start":{"line":1,"column":0},"end":{"line":1,"column":39}},"1":{"start":{"line":2,"column":0},"end":{"line":2,"column":38}},"2":{"start":{"line":4,"column":13},"end":{"line":10,"column":null}},"3":{"start":{"line":12,"column":13},"end":{"line":23,"column":null}},"4":{"start":{"line":25,"column":13},"end":{"line":27,"column":null}},"5":{"start":{"line":29,"column":13},"end":{"line":32,"column":null}},"6":{"start":{"line":34,"column":13},"end":{"line":36,"column":null}},"7":{"start":{"line":38,"column":13},"end":{"line":41,"column":null}},"8":{"start":{"line":43,"column":13},"end":{"line":45,"column":null}},"9":{"start":{"line":47,"column":13},"end":{"line":57,"column":null}},"10":{"start":{"line":59,"column":13},"end":{"line":62,"column":null}}},"fnMap":{},"branchMap":{},"s":{"0":1,"1":1,"2":1,"3":1,"4":1,"5":1,"6":1,"7":1,"8":1,"9":1,"10":1},"f":{},"b":{}}
,"/home/sidney/Documentos/cryptocurrencies-web/src/pages/Home/index.tsx": {"path":"/home/sidney/Documentos/cryptocurrencies-web/src/pages/Home/index.tsx","statementMap":{"0":{"start":{"line":1,"column":0},"end":{"line":1,"column":43}},"1":{"start":{"line":2,"column":0},"end":{"line":2,"column":40}},"2":{"start":{"line":4,"column":0},"end":{"line":4,"column":52}},"3":{"start":{"line":6,"column":0},"end":{"line":6,"column":60}},"4":{"start":{"line":7,"column":0},"end":{"line":7,"column":57}},"5":{"start":{"line":9,"column":13},"end":{"line":82,"column":1}},"6":{"start":{"line":15,"column":30},"end":{"line":15,"column":51}},"7":{"start":{"line":16,"column":56},"end":{"line":16,"column":77}},"8":{"start":{"line":17,"column":42},"end":{"line":17,"column":66}},"9":{"start":{"line":19,"column":26},"end":{"line":19,"column":47}},"10":{"start":{"line":21,"column":21},"end":{"line":26,"column":3}},"11":{"start":{"line":22,"column":24},"end":{"line":22,"column":57}},"12":{"start":{"line":23,"column":4},"end":{"line":23,"column":null}},"13":{"start":{"line":24,"column":4},"end":{"line":24,"column":null}},"14":{"start":{"line":25,"column":4},"end":{"line":25,"column":null}},"15":{"start":{"line":35,"column":2},"end":{"line":37,"column":null}},"16":{"start":{"line":36,"column":4},"end":{"line":36,"column":null}},"17":{"start":{"line":39,"column":27},"end":{"line":47,"column":null}},"18":{"start":{"line":40,"column":4},"end":{"line":41,"column":null}},"19":{"start":{"line":50,"column":23},"end":{"line":60,"column":3}},"20":{"start":{"line":51,"column":4},"end":{"line":59,"column":null}},"21":{"start":{"line":52,"column":29},"end":{"line":53,"column":null}},"22":{"start":{"line":53,"column":8},"end":{"line":53,"column":59}},"23":{"start":{"line":56,"column":6},"end":{"line":56,"column":null}},"24":{"start":{"line":58,"column":6},"end":{"line":58,"column":null}},"25":{"start":{"line":62,"column":2},"end":{"line":81,"column":null}},"26":{"start":{"line":68,"column":29},"end":{"line":68,"column":64}},"27":{"start":{"line":71,"column":42},"end":{"line":71,"column":61}},"28":{"start":{"line":84,"column":0},"end":{"line":84,"column":null}}},"fnMap":{"0":{"name":"(anonymous_0)","decl":{"start":{"line":9,"column":13},"end":{"line":9,"column":16}},"loc":{"start":{"line":9,"column":18},"end":{"line":82,"column":1}}},"1":{"name":"(anonymous_1)","decl":{"start":{"line":21,"column":21},"end":{"line":21,"column":26}},"loc":{"start":{"line":21,"column":32},"end":{"line":26,"column":3}}},"2":{"name":"(anonymous_2)","decl":{"start":{"line":35,"column":12},"end":{"line":35,"column":15}},"loc":{"start":{"line":35,"column":17},"end":{"line":37,"column":3}}},"3":{"name":"(anonymous_3)","decl":{"start":{"line":39,"column":27},"end":{"line":39,"column":28}},"loc":{"start":{"line":40,"column":4},"end":{"line":41,"column":null}}},"4":{"name":"(anonymous_4)","decl":{"start":{"line":50,"column":23},"end":{"line":50,"column":24}},"loc":{"start":{"line":50,"column":42},"end":{"line":60,"column":3}}},"5":{"name":"(anonymous_5)","decl":{"start":{"line":52,"column":43},"end":{"line":52,"column":44}},"loc":{"start":{"line":53,"column":8},"end":{"line":53,"column":59}}},"6":{"name":"(anonymous_6)","decl":{"start":{"line":68,"column":22},"end":{"line":68,"column":23}},"loc":{"start":{"line":68,"column":29},"end":{"line":68,"column":64}}},"7":{"name":"(anonymous_7)","decl":{"start":{"line":71,"column":35},"end":{"line":71,"column":36}},"loc":{"start":{"line":71,"column":42},"end":{"line":71,"column":61}}}},"branchMap":{"0":{"loc":{"start":{"line":51,"column":4},"end":{"line":59,"column":null}},"type":"if","locations":[{"start":{"line":51,"column":4},"end":{"line":59,"column":null}},{"start":{"line":57,"column":11},"end":{"line":59,"column":null}}]},"1":{"loc":{"start":{"line":64,"column":7},"end":{"line":72,"column":null}},"type":"binary-expr","locations":[{"start":{"line":64,"column":7},"end":{"line":64,"column":19}},{"start":{"line":65,"column":8},"end":{"line":71,"column":null}}]},"2":{"loc":{"start":{"line":75,"column":7},"end":{"line":78,"column":null}},"type":"binary-expr","locations":[{"start":{"line":75,"column":7},"end":{"line":75,"column":20}},{"start":{"line":76,"column":8},"end":{"line":77,"column":null}}]}},"s":{"0":1,"1":1,"2":1,"3":1,"4":1,"5":1,"6":18,"7":17,"8":17,"9":17,"10":17,"11":4,"12":4,"13":4,"14":4,"15":17,"16":4,"17":17,"18":1012,"19":17,"20":4,"21":3,"22":750,"23":3,"24":1,"25":17,"26":4,"27":1012,"28":1},"f":{"0":18,"1":4,"2":4,"3":1012,"4":4,"5":750,"6":4,"7":1012},"b":{"0":[3,1],"1":[17,7],"2":[17,10]}}
,"/home/sidney/Documentos/cryptocurrencies-web/src/pages/Home/styles.ts": {"path":"/home/sidney/Documentos/cryptocurrencies-web/src/pages/Home/styles.ts","statementMap":{"0":{"start":{"line":1,"column":0},"end":{"line":1,"column":38}},"1":{"start":{"line":3,"column":13},"end":{"line":9,"column":null}},"2":{"start":{"line":11,"column":13},"end":{"line":26,"column":null}},"3":{"start":{"line":28,"column":13},"end":{"line":31,"column":null}}},"fnMap":{},"branchMap":{},"s":{"0":1,"1":1,"2":1,"3":1},"f":{},"b":{}}
,"/home/sidney/Documentos/cryptocurrencies-web/src/services/CurrencyService.ts": {"path":"/home/sidney/Documentos/cryptocurrencies-web/src/services/CurrencyService.ts","statementMap":{"0":{"start":{"line":1,"column":0},"end":{"line":1,"column":44}},"1":{"start":{"line":5,"column":25},"end":{"line":5,"column":28}},"2":{"start":{"line":11,"column":4},"end":{"line":13,"column":null}},"3":{"start":{"line":17,"column":21},"end":{"line":23,"column":6}},"4":{"start":{"line":25,"column":30},"end":{"line":25,"column":32}},"5":{"start":{"line":27,"column":4},"end":{"line":49,"column":null}},"6":{"start":{"line":28,"column":23},"end":{"line":28,"column":31}},"7":{"start":{"line":30,"column":6},"end":{"line":48,"column":null}},"8":{"start":{"line":37,"column":12},"end":{"line":37,"column":13}},"9":{"start":{"line":39,"column":29},"end":{"line":45,"column":null}},"10":{"start":{"line":47,"column":8},"end":{"line":47,"column":null}},"11":{"start":{"line":51,"column":4},"end":{"line":51,"column":null}},"12":{"start":{"line":55,"column":21},"end":{"line":63,"column":6}},"13":{"start":{"line":65,"column":33},"end":{"line":72,"column":null}},"14":{"start":{"line":74,"column":4},"end":{"line":85,"column":null}},"15":{"start":{"line":75,"column":19},"end":{"line":75,"column":36}},"16":{"start":{"line":76,"column":67},"end":{"line":76,"column":71}},"17":{"start":{"line":77,"column":6},"end":{"line":84,"column":null}},"18":{"start":{"line":87,"column":4},"end":{"line":87,"column":null}},"19":{"start":{"line":7,"column":0},"end":{"line":7,"column":21}}},"fnMap":{"0":{"name":"(anonymous_0)","decl":{"start":{"line":10,"column":2},"end":{"line":10,"column":null}},"loc":{"start":{"line":10,"column":2},"end":{"line":14,"column":3}}},"1":{"name":"(anonymous_1)","decl":{"start":{"line":16,"column":2},"end":{"line":16,"column":7}},"loc":{"start":{"line":16,"column":17},"end":{"line":52,"column":3}}},"2":{"name":"(anonymous_2)","decl":{"start":{"line":30,"column":28},"end":{"line":30,"column":29}},"loc":{"start":{"line":30,"column":39},"end":{"line":48,"column":7}}},"3":{"name":"(anonymous_3)","decl":{"start":{"line":54,"column":2},"end":{"line":54,"column":7}},"loc":{"start":{"line":54,"column":40},"end":{"line":88,"column":3}}}},"branchMap":{"0":{"loc":{"start":{"line":27,"column":4},"end":{"line":49,"column":null}},"type":"if","locations":[{"start":{"line":27,"column":4},"end":{"line":49,"column":null}}]},"1":{"loc":{"start":{"line":74,"column":4},"end":{"line":85,"column":null}},"type":"if","locations":[{"start":{"line":74,"column":4},"end":{"line":85,"column":null}}]}},"s":{"0":2,"1":2,"2":21,"3":4,"4":4,"5":4,"6":4,"7":4,"8":1000,"9":1000,"10":1000,"11":4,"12":1,"13":1,"14":1,"15":1,"16":1,"17":1,"18":1,"19":2},"f":{"0":21,"1":4,"2":1000,"3":1},"b":{"0":[4],"1":[1]}}
}
