TN:
SF:src/components/AppHeader/index.tsx
FN:3,(anonymous_0)
FNF:1
FNH:1
FNDA:1,(anonymous_0)
DA:1,1
DA:3,1
DA:4,1
DA:11,1
LF:4
LH:4
BRF:0
BRH:0
end_of_record
TN:
SF:src/components/AppHeader/styles.ts
FNF:0
FNH:0
DA:1,1
DA:3,1
DA:8,1
LF:3
LH:3
BRF:0
BRH:0
end_of_record
TN:
SF:src/components/CryptoCard/index.tsx
FN:19,(anonymous_0)
FNF:1
FNH:1
FNDA:1016,(anonymous_0)
DA:1,2
DA:11,2
DA:15,2
DA:19,2
DA:21,1016
DA:23,1016
DA:36,2
LF:7
LH:7
BRDA:21,0,0,374
BRDA:21,0,1,642
BRF:2
BRH:2
end_of_record
TN:
SF:src/components/CryptoCard/styles.ts
FNF:0
FNH:0
DA:1,2
DA:2,2
DA:4,2
DA:18,2
DA:27,2
DA:36,2
DA:45,2
LF:7
LH:7
BRF:0
BRH:0
end_of_record
TN:
SF:src/pages/Crypto/index.tsx
FN:24,(anonymous_0)
FN:43,(anonymous_1)
FN:51,(anonymous_2)
FNF:3
FNH:3
FNDA:4,(anonymous_0)
FNDA:2,(anonymous_1)
FNDA:2,(anonymous_2)
DA:1,1
DA:2,1
DA:3,1
DA:6,1
DA:7,1
DA:24,1
DA:30,4
DA:31,4
DA:39,4
DA:41,4
DA:43,4
DA:44,2
DA:45,1
DA:46,1
DA:47,1
DA:51,4
DA:52,2
DA:55,4
DA:107,1
LF:19
LH:19
BRDA:44,0,0,1
BRDA:44,1,0,2
BRDA:44,1,1,1
BRDA:57,2,0,4
BRDA:57,2,1,1
BRDA:98,3,0,4
BRDA:98,3,1,3
BRF:7
BRH:7
end_of_record
TN:
SF:src/pages/Crypto/styles.ts
FNF:0
FNH:0
DA:1,1
DA:2,1
DA:4,1
DA:12,1
DA:25,1
DA:29,1
DA:34,1
DA:38,1
DA:43,1
DA:47,1
DA:59,1
LF:11
LH:11
BRF:0
BRH:0
end_of_record
TN:
SF:src/pages/Home/index.tsx
FN:9,(anonymous_0)
FN:21,(anonymous_1)
FN:35,(anonymous_2)
FN:39,(anonymous_3)
FN:50,(anonymous_4)
FN:52,(anonymous_5)
FN:68,(anonymous_6)
FN:71,(anonymous_7)
FNF:8
FNH:8
FNDA:18,(anonymous_0)
FNDA:4,(anonymous_1)
FNDA:4,(anonymous_2)
FNDA:1012,(anonymous_3)
FNDA:4,(anonymous_4)
FNDA:750,(anonymous_5)
FNDA:4,(anonymous_6)
FNDA:1012,(anonymous_7)
DA:1,1
DA:2,1
DA:4,1
DA:6,1
DA:7,1
DA:9,1
DA:15,18
DA:16,17
DA:17,17
DA:19,17
DA:21,17
DA:22,4
DA:23,4
DA:24,4
DA:25,4
DA:35,17
DA:36,4
DA:39,17
DA:40,1012
DA:50,17
DA:51,4
DA:52,3
DA:53,750
DA:56,3
DA:58,1
DA:62,17
DA:68,4
DA:71,1012
DA:84,1
LF:29
LH:29
BRDA:51,0,0,3
BRDA:51,0,1,1
BRDA:64,1,0,17
BRDA:64,1,1,7
BRDA:75,2,0,17
BRDA:75,2,1,10
BRF:6
BRH:6
end_of_record
TN:
SF:src/pages/Home/styles.ts
FNF:0
FNH:0
DA:1,1
DA:3,1
DA:11,1
DA:28,1
LF:4
LH:4
BRF:0
BRH:0
end_of_record
TN:
SF:src/services/CurrencyService.ts
FN:10,(anonymous_0)
FN:16,(anonymous_1)
FN:30,(anonymous_2)
FN:54,(anonymous_3)
FNF:4
FNH:4
FNDA:21,(anonymous_0)
FNDA:4,(anonymous_1)
FNDA:1000,(anonymous_2)
FNDA:1,(anonymous_3)
DA:1,2
DA:5,2
DA:7,2
DA:11,21
DA:17,4
DA:25,4
DA:27,4
DA:28,4
DA:30,4
DA:37,1000
DA:39,1000
DA:47,1000
DA:51,4
DA:55,1
DA:65,1
DA:74,1
DA:75,1
DA:76,1
DA:77,1
DA:87,1
LF:20
LH:20
BRDA:27,0,0,4
BRDA:74,1,0,1
BRF:2
BRH:2
end_of_record
